<?xml version="1.0" encoding="UTF-8"?>
<testsuite name="com.arrays.solutions.RotateArraysTest" tests="3" skipped="0" failures="0" errors="0" timestamp="2023-08-07T20:39:19" hostname="DESKTOP-Q1EEKHQ" time="0.022">
  <properties/>
  <testcase name="reversal_RotetArray_positions()" classname="com.arrays.solutions.RotateArraysTest" time="0.017"/>
  <testcase name="bubble_RotetArray_positions()" classname="com.arrays.solutions.RotateArraysTest" time="0.001"/>
  <testcase name="rotetArray_positions()" classname="com.arrays.solutions.RotateArraysTest" time="0.002"/>
  <system-out><![CDATA[]]></system-out>
  <system-err><![CDATA[]]></system-err>
</testsuite>
